Build started 10.10.2015 22:34:31.
     1>Project "E:\Projects\lab4\lab2.vcxproj" on node 2 (Build target(s)).
     1>ClCompile:
         E:\Microsoft visual 2013\VC\bin\CL.exe /c /ZI /nologo /W3 /WX- /Od /Oy- /D WIN32 /D _DEBUG /D _CONSOLE /D _LIB /D _UNICODE /D UNICODE /Gm /EHsc /RTC1 /MDd /GS /fp:precise /Zc:wchar_t /Zc:forScope /Fo"Debug\\" /Fd"Debug\vc120.pdb" /Gd /TP /analyze- /errorReport:prompt maincpp.cpp
         maincpp.cpp
       Link:
         E:\Microsoft visual 2013\VC\bin\link.exe /ERRORREPORT:PROMPT /OUT:"E:\Projects\lab4\Debug\lab4.exe" /INCREMENTAL /NOLOGO kernel32.lib user32.lib gdi32.lib winspool.lib comdlg32.lib advapi32.lib shell32.lib ole32.lib oleaut32.lib uuid.lib odbc32.lib odbccp32.lib /MANIFEST /MANIFESTUAC:"level='asInvoker' uiAccess='false'" /manifest:embed /DEBUG /PDB:"E:\Projects\lab4\Debug\lab4.pdb" /SUBSYSTEM:CONSOLE /TLBID:1 /DYNAMICBASE /NXCOMPAT /IMPLIB:"E:\Projects\lab4\Debug\lab4.lib" /MACHINE:X86 Debug\author.obj
         Debug\book.obj
         Debug\Library.obj
         Debug\magazine.obj
         Debug\maincpp.obj
         Debug\Manager.obj
         Debug\Person.obj
         Debug\print.obj
         Debug\publishing_office.obj
         Debug\textbook.obj
         lab2.vcxproj -> E:\Projects\lab4\Debug\lab4.exe
     1>Done Building Project "E:\Projects\lab4\lab2.vcxproj" (Build target(s)).

Build succeeded.

Time Elapsed 00:00:00.52
